2020-11-28 18:29:51.657 [main] INFO  db.ConsultorioAdmin - Saliendo...
2020-11-28 18:58:02.798 [main] INFO  db.ConsultorioAdmin - Saliendo...
2020-11-28 19:59:16.982 [main] ERROR db.ConsultorioAdmin - class org.sqlite.SQLiteException: [SQLITE_ERROR] SQL error or missing database (no such table: doctor)
2020-11-28 20:00:39.650 [main] INFO  db.ConsultorioAdmin - Saliendo...
2020-11-28 20:03:20.023 [main] INFO  db.ConsultorioAdmin - Saliendo...
2020-11-28 20:07:46.965 [main] INFO  db.ConsultorioAdmin - Saliendo...
2020-11-28 20:09:12.640 [main] INFO  db.ConsultorioAdmin - Saliendo...
2020-11-28 20:40:52.104 [main] INFO  db.ConsultorioAdmin - Saliendo...
2020-11-28 20:41:00.494 [main] INFO  db.ConsultorioAdmin - Saliendo...
2020-11-28 20:48:50.482 [main] INFO  db.ConsultorioAdmin - Saliendo...
2020-11-28 20:57:36.321 [main] INFO  db.ConsultorioAdmin - Saliendo...
2020-11-28 21:00:23.935 [main] INFO  db.ConsultorioAdmin - Saliendo...
2020-11-28 22:10:09.224 [main] INFO  db.ConsultorioAdmin - Saliendo...
2020-11-28 22:12:12.355 [main] ERROR db.ConsultorioAdmin - Opción inválida: 11
2020-11-28 22:12:14.666 [main] ERROR db.ConsultorioAdmin - Opción inválida: 11
2020-11-28 22:38:55.662 [main] INFO  db.ConsultorioAdmin - Saliendo...
2020-11-28 22:42:32.859 [main] INFO  db.ConsultorioAdmin - Saliendo...
2020-11-28 23:19:25.456 [main] ERROR db.ConsultorioAdmin - class java.sql.SQLException: no such column: 'id_paciente'
2020-11-28 23:22:54.986 [main] ERROR db.ConsultorioAdmin - class java.sql.SQLException: no such column: 'id_paciente'
2020-11-28 23:26:10.945 [main] ERROR db.ConsultorioAdmin - Opción inválida: 
2020-11-28 23:26:37.008 [main] ERROR db.ConsultorioAdmin - Opción inválida: 
2020-11-28 23:26:55.329 [main] INFO  db.ConsultorioAdmin - Saliendo...
2020-11-28 23:28:42.632 [main] ERROR db.ConsultorioAdmin - Opción inválida: 
2020-11-28 23:29:52.864 [main] INFO  db.ConsultorioAdmin - Saliendo...
2020-11-28 23:32:13.700 [main] ERROR db.ConsultorioAdmin - Opción inválida: 
2020-11-28 23:37:54.188 [main] ERROR db.ConsultorioAdmin - Opción inválida: 
2020-11-28 23:38:49.766 [main] INFO  db.ConsultorioAdmin - Saliendo...
2020-11-28 23:40:31.216 [main] ERROR db.ConsultorioAdmin - Opción inválida: 
2020-11-28 23:41:15.330 [main] INFO  db.ConsultorioAdmin - Saliendo...
2020-11-28 23:44:13.260 [main] ERROR db.ConsultorioAdmin - Opción inválida: 
2020-11-28 23:46:16.005 [main] INFO  db.ConsultorioAdmin - Saliendo...
2020-11-29 00:02:01.104 [main] ERROR db.ConsultorioAdmin - class java.sql.SQLException: no such column: 'id_doctor'
2020-11-29 00:02:09.537 [main] ERROR db.ConsultorioAdmin - Opción inválida: 
2020-11-29 00:02:13.958 [main] ERROR db.ConsultorioAdmin - Opción inválida: 45
2020-11-29 00:02:16.673 [main] ERROR db.ConsultorioAdmin - Opción inválida: 45
2020-11-29 00:02:19.188 [main] INFO  db.ConsultorioAdmin - Saliendo...
2020-11-29 00:06:38.000 [main] INFO  db.ConsultorioAdmin - Saliendo...
